<?xml version="1.0" encoding="utf-8"?><testsuites name="pytest tests"><testsuite name="pytest" errors="0" failures="1" skipped="0" tests="59" time="64.716" timestamp="2026-07-02T14:38:28.324198+00:00" hostname="agent-env-318db631-e60b-4d15-92b6-cace647a0e9d"><testcase classname="backend.tests.test_phase_m1_reimbursement" name="test_generate_report" time="1.807" /><testcase classname="backend.tests.test_phase_m1_reimbursement" name="test_missing_km_flow_and_submit" time="0.887" /><testcase classname="backend.tests.test_phase_m1_reimbursement" name="test_senior_review_and_pdf" time="1.124" /><testcase classname="backend.tests.test_phase_m1_reimbursement" name="test_rbac_tm_cannot_see_other_tm_reports" time="0.109" /><testcase classname="backend.tests.test_phase_m1_reimbursement" name="test_tm_can_add_missing_km_but_not_overwrite" time="0.344" /><testcase classname="backend.tests.test_phase_m2_receipt_ocr" name="test_expense_accepts_m1_categories[Hotel]" time="0.436" /><testcase classname="backend.tests.test_phase_m2_receipt_ocr" name="test_expense_accepts_m1_categories[Parking]" time="0.099" /><testcase classname="backend.tests.test_phase_m2_receipt_ocr" name="test_expense_accepts_m1_categories[Tolls]" time="0.100" /><testcase classname="backend.tests.test_phase_m2_receipt_ocr" name="test_expense_accepts_m1_categories[Other]" time="0.106" /><testcase classname="backend.tests.test_phase_m2_receipt_ocr" name="test_expense_rejects_unknown_category" time="0.104" /><testcase classname="backend.tests.test_phase_m2_receipt_ocr" name="test_extract_receipt_shape" time="0.969" /><testcase classname="backend.tests.test_phase_o_event_km" name="test_event_km_flow" time="1.788" /><testcase classname="backend.tests.test_phase_o3_month_expenses" name="test_report_includes_all_month_expenses_and_variance" time="1.269" /><testcase classname="backend.tests.test_phase_o3_month_expenses" name="test_expenses_outside_month_are_excluded" time="0.421" /><testcase classname="backend.tests.test_phase_o4_expense_include" name="test_toggle_include_updates_manual_total" time="1.348" /><testcase classname="backend.tests.test_phase_o4_expense_include" name="test_search_finds_prior_month_expenses" time="0.604" /><testcase classname="backend.tests.test_phase_o4_expense_include" name="test_petrol_never_counts_in_manual_total" time="0.593" /><testcase classname="backend.tests.test_phase_o4_expense_include" name="test_cannot_include_expense_already_attached_to_other_report" time="0.660" /><testcase classname="backend.tests.test_iteration_16_seniortm_expenses" name="test_bug1_seniortm_sees_subteam_tm_expense_in_team_summary" time="0.284" /><testcase classname="backend.tests.test_iteration_16_seniortm_expenses" name="test_bug1_seniortm_list_default_scope_includes_subteam_and_self" time="0.321" /><testcase classname="backend.tests.test_iteration_16_seniortm_expenses" name="test_bug1_seniortm_list_personal_only_returns_self" time="0.165" /><testcase classname="backend.tests.test_iteration_16_seniortm_expenses" name="test_bug2_seniortm_can_post_expense_draft" time="0.136" /><testcase classname="backend.tests.test_iteration_16_seniortm_expenses" name="test_bug2_seniortm_can_submit_month" time="0.290" /><testcase classname="backend.tests.test_iteration_16_seniortm_expenses" name="test_bug3_receipts_zip_is_pdf_per_expense" time="1.420" /><testcase classname="backend.tests.test_iteration_16_seniortm_expenses" name="test_regression_manager_team_summary_and_receipts_zip" time="0.924" /><testcase classname="backend.tests.test_iteration_16_seniortm_expenses" name="test_regression_plain_tm_only_sees_own_expenses" time="0.957" /><testcase classname="backend.tests.test_iteration_17_expense_download_fixes" name="test_bugfix_a_seniortm_receipts_zip_returns_200_with_content_disposition" time="1.200" /><testcase classname="backend.tests.test_iteration_17_expense_download_fixes" name="test_bugfix_b_empty_month_returns_404_with_json_detail" time="0.141" /><testcase classname="backend.tests.test_iteration_17_expense_download_fixes" name="test_bugfix_c_content_type_zip_and_content_length_present" time="1.148" /><testcase classname="backend.tests.test_iteration_17_expense_download_fixes" name="test_new_feature_tm_can_download_own_report" time="0.497" /><testcase classname="backend.tests.test_iteration_17_expense_download_fixes" name="test_rbac_tm_cannot_download_another_tm_via_query_param" time="30.661" /><testcase classname="backend.tests.test_iteration_17_expense_download_fixes" name="test_seniortm_personal_true_scopes_to_own" time="0.778" /><testcase classname="backend.tests.test_iteration_17_expense_download_fixes" name="test_regression_seniortm_team_view_specific_tm_filter" time="0.812" /><testcase classname="backend.tests.test_iteration_17_expense_download_fixes" name="test_cors_exposes_content_disposition" time="1.033" /><testcase classname="backend.tests.test_doctor_dedupe" name="test_normalize_person_name[Dr John Smith-john smith]" time="0.000" /><testcase classname="backend.tests.test_doctor_dedupe" name="test_normalize_person_name[dr. john smith-john smith]" time="0.000" /><testcase classname="backend.tests.test_doctor_dedupe" name="test_normalize_person_name[DR JOHN SMITH-john smith]" time="0.000" /><testcase classname="backend.tests.test_doctor_dedupe" name="test_normalize_person_name[Doctor John Smith-john smith]" time="0.000" /><testcase classname="backend.tests.test_doctor_dedupe" name="test_normalize_person_name[Prof. Dr. John Smith-john smith]" time="0.000" /><testcase classname="backend.tests.test_doctor_dedupe" name="test_normalize_person_name[  John   Smith  -john smith]" time="0.000" /><testcase classname="backend.tests.test_doctor_dedupe" name="test_normalize_person_name[J\xe1n \u0160krab\xe1\u010dek-jan skrabacek]" time="0.000" /><testcase classname="backend.tests.test_doctor_dedupe" name="test_normalize_person_name[Dr.Jane-dr.jane]" time="0.000" /><testcase classname="backend.tests.test_doctor_dedupe" name="test_normalize_person_name[Mr Smith-smith]" time="0.000" /><testcase classname="backend.tests.test_doctor_dedupe" name="test_normalize_person_name[Mrs. Elena Petrova-elena petrova]" time="0.000" /><testcase classname="backend.tests.test_doctor_dedupe" name="test_normalize_person_name[-]" time="0.000" /><testcase classname="backend.tests.test_doctor_dedupe" name="test_normalize_person_name[None-]" time="0.000" /><testcase classname="backend.tests.test_doctor_dedupe" name="test_normalize_city_key_folds_accents" time="0.000" /><testcase classname="backend.tests.test_doctor_dedupe" name="test_duplicate_with_dr_prefix_blocked" time="0.537" /><testcase classname="backend.tests.test_doctor_dedupe" name="test_duplicate_prefix_variants_all_blocked" time="0.656" /><testcase classname="backend.tests.test_doctor_dedupe" name="test_same_name_different_city_allowed" time="0.219" /><testcase classname="backend.tests.test_doctor_dedupe" name="test_duplicate_when_no_city_on_either_side" time="1.074" /><testcase classname="backend.tests.test_phase_o4_rbac_and_submit" name="test_submit_blocks_when_linked_expense_missing_receipt" time="0.891" /><testcase classname="backend.tests.test_phase_o4_rbac_and_submit" name="test_admin_can_toggle_any_report" time="0.647" /><testcase classname="backend.tests.test_iteration_24_pdf_weekly_cyrillic" name="test_current_month_expenses_auto_included" time="0.861" /><testcase classname="backend.tests.test_iteration_24_pdf_weekly_cyrillic" name="test_pdf_valid_and_content_type" time="0.257" /><testcase classname="backend.tests.test_iteration_24_pdf_weekly_cyrillic" name="test_pdf_render_uses_weekly_and_no_doctor_breakdown" time="1.774" /><testcase classname="backend.tests.test_iteration_24_pdf_weekly_cyrillic" name="test_pdf_embeds_cyrillic_font" time="0.263" /><testcase classname="backend.tests.test_iteration_24_pdf_weekly_cyrillic" name="test_pdf_renders_with_cyrillic_tm_name" time="0.250"><failure message="AssertionError: Internal Server Error&#10;assert 500 == 200&#10; +  where 500 = &lt;Response [500]&gt;.status_code">E   AssertionError: Internal Server Error
    assert 500 == 200
     +  where 500 = &lt;Response [500]&gt;.status_code</failure></testcase><testcase classname="backend.tests.test_iteration_24_pdf_weekly_cyrillic" name="test_searchable_expenses_excludes_current_month" time="0.440" /></testsuite></testsuites>