<?xml version="1.0" encoding="utf-8"?><testsuites name="pytest tests"><testsuite name="pytest" errors="0" failures="0" skipped="0" tests="47" time="63.552" timestamp="2026-07-02T13:30:11.700844+00:00" hostname="agent-env-318db631-e60b-4d15-92b6-cace647a0e9d"><testcase classname="backend.tests.test_phase_o3_month_expenses" name="test_report_includes_all_month_expenses_and_variance" time="2.603" /><testcase classname="backend.tests.test_phase_o3_month_expenses" name="test_expenses_outside_month_are_excluded" time="0.546" /><testcase classname="backend.tests.test_phase_m1_reimbursement" name="test_generate_report" time="3.354" /><testcase classname="backend.tests.test_phase_m1_reimbursement" name="test_missing_km_flow_and_submit" time="2.458" /><testcase classname="backend.tests.test_phase_m1_reimbursement" name="test_senior_review_and_pdf" time="1.093" /><testcase classname="backend.tests.test_phase_m1_reimbursement" name="test_rbac_tm_cannot_see_other_tm_reports" time="0.121" /><testcase classname="backend.tests.test_phase_m1_reimbursement" name="test_tm_can_add_missing_km_but_not_overwrite" time="0.341" /><testcase classname="backend.tests.test_phase_m2_receipt_ocr" name="test_expense_accepts_m1_categories[Hotel]" time="0.478" /><testcase classname="backend.tests.test_phase_m2_receipt_ocr" name="test_expense_accepts_m1_categories[Parking]" time="0.182" /><testcase classname="backend.tests.test_phase_m2_receipt_ocr" name="test_expense_accepts_m1_categories[Tolls]" time="1.226" /><testcase classname="backend.tests.test_phase_m2_receipt_ocr" name="test_expense_accepts_m1_categories[Other]" time="0.161" /><testcase classname="backend.tests.test_phase_m2_receipt_ocr" name="test_expense_rejects_unknown_category" time="0.145" /><testcase classname="backend.tests.test_phase_m2_receipt_ocr" name="test_extract_receipt_shape" time="0.636" /><testcase classname="backend.tests.test_phase_o_event_km" name="test_event_km_flow" time="1.864" /><testcase classname="backend.tests.test_iteration_16_seniortm_expenses" name="test_bug1_seniortm_sees_subteam_tm_expense_in_team_summary" time="1.416" /><testcase classname="backend.tests.test_iteration_16_seniortm_expenses" name="test_bug1_seniortm_list_default_scope_includes_subteam_and_self" time="0.335" /><testcase classname="backend.tests.test_iteration_16_seniortm_expenses" name="test_bug1_seniortm_list_personal_only_returns_self" time="0.170" /><testcase classname="backend.tests.test_iteration_16_seniortm_expenses" name="test_bug2_seniortm_can_post_expense_draft" time="0.167" /><testcase classname="backend.tests.test_iteration_16_seniortm_expenses" name="test_bug2_seniortm_can_submit_month" time="1.348" /><testcase classname="backend.tests.test_iteration_16_seniortm_expenses" name="test_bug3_receipts_zip_is_pdf_per_expense" time="1.174" /><testcase classname="backend.tests.test_iteration_16_seniortm_expenses" name="test_regression_manager_team_summary_and_receipts_zip" time="1.940" /><testcase classname="backend.tests.test_iteration_16_seniortm_expenses" name="test_regression_plain_tm_only_sees_own_expenses" time="1.168" /><testcase classname="backend.tests.test_iteration_17_expense_download_fixes" name="test_bugfix_a_seniortm_receipts_zip_returns_200_with_content_disposition" time="0.945" /><testcase classname="backend.tests.test_iteration_17_expense_download_fixes" name="test_bugfix_b_empty_month_returns_404_with_json_detail" time="20.141" /><testcase classname="backend.tests.test_iteration_17_expense_download_fixes" name="test_bugfix_c_content_type_zip_and_content_length_present" time="0.827" /><testcase classname="backend.tests.test_iteration_17_expense_download_fixes" name="test_new_feature_tm_can_download_own_report" time="0.380" /><testcase classname="backend.tests.test_iteration_17_expense_download_fixes" name="test_rbac_tm_cannot_download_another_tm_via_query_param" time="0.496" /><testcase classname="backend.tests.test_iteration_17_expense_download_fixes" name="test_seniortm_personal_true_scopes_to_own" time="0.616" /><testcase classname="backend.tests.test_iteration_17_expense_download_fixes" name="test_regression_seniortm_team_view_specific_tm_filter" time="0.604" /><testcase classname="backend.tests.test_iteration_17_expense_download_fixes" name="test_cors_exposes_content_disposition" time="0.751" /><testcase classname="backend.tests.test_doctor_dedupe" name="test_normalize_person_name[Dr John Smith-john smith]" time="0.000" /><testcase classname="backend.tests.test_doctor_dedupe" name="test_normalize_person_name[dr. john smith-john smith]" time="0.000" /><testcase classname="backend.tests.test_doctor_dedupe" name="test_normalize_person_name[DR JOHN SMITH-john smith]" time="0.000" /><testcase classname="backend.tests.test_doctor_dedupe" name="test_normalize_person_name[Doctor John Smith-john smith]" time="0.000" /><testcase classname="backend.tests.test_doctor_dedupe" name="test_normalize_person_name[Prof. Dr. John Smith-john smith]" time="0.000" /><testcase classname="backend.tests.test_doctor_dedupe" name="test_normalize_person_name[  John   Smith  -john smith]" time="0.000" /><testcase classname="backend.tests.test_doctor_dedupe" name="test_normalize_person_name[J\xe1n \u0160krab\xe1\u010dek-jan skrabacek]" time="0.001" /><testcase classname="backend.tests.test_doctor_dedupe" name="test_normalize_person_name[Dr.Jane-dr.jane]" time="0.000" /><testcase classname="backend.tests.test_doctor_dedupe" name="test_normalize_person_name[Mr Smith-smith]" time="0.000" /><testcase classname="backend.tests.test_doctor_dedupe" name="test_normalize_person_name[Mrs. Elena Petrova-elena petrova]" time="0.000" /><testcase classname="backend.tests.test_doctor_dedupe" name="test_normalize_person_name[-]" time="0.000" /><testcase classname="backend.tests.test_doctor_dedupe" name="test_normalize_person_name[None-]" time="0.000" /><testcase classname="backend.tests.test_doctor_dedupe" name="test_normalize_city_key_folds_accents" time="0.000" /><testcase classname="backend.tests.test_doctor_dedupe" name="test_duplicate_with_dr_prefix_blocked" time="0.577" /><testcase classname="backend.tests.test_doctor_dedupe" name="test_duplicate_prefix_variants_all_blocked" time="0.611" /><testcase classname="backend.tests.test_doctor_dedupe" name="test_same_name_different_city_allowed" time="10.256" /><testcase classname="backend.tests.test_doctor_dedupe" name="test_duplicate_when_no_city_on_either_side" time="1.114" /></testsuite></testsuites>