<?xml version="1.0" encoding="utf-8"?><testsuites name="pytest tests"><testsuite name="pytest" errors="0" failures="0" skipped="0" tests="8" time="7.703" timestamp="2026-05-01T08:36:34.584665+00:00" hostname="agent-env-318db631-e60b-4d15-92b6-cace647a0e9d"><testcase classname="tests.test_report_pdf_export.TestReportPDFExport" name="test_pdf_export_returns_pdf_bytes" time="1.349" /><testcase classname="tests.test_report_pdf_export.TestReportPDFExport" name="test_demos_booked_list_and_completed_list_shape" time="1.080" /><testcase classname="tests.test_report_demos.TestReportDemos" name="test_weekly_report_counts_booked_demos_from_meetings" time="0.889" /><testcase classname="tests.test_report_demos.TestReportDemos" name="test_weekly_report_counts_completed_demos_from_meetings" time="0.974" /><testcase classname="tests.test_report_demos.TestReportDemos" name="test_weekly_report_csv_export_contains_demo_rows" time="1.193" /><testcase classname="tests.test_report_doctor_breakdown.TestReportDoctorBreakdown" name="test_generate_includes_doctor_breakdown" time="0.547" /><testcase classname="tests.test_report_doctor_breakdown.TestReportDoctorBreakdown" name="test_csv_export_contains_per_doctor_section" time="0.760" /><testcase classname="tests.test_report_doctor_breakdown.TestReportDoctorBreakdown" name="test_pdf_export_still_returns_pdf" time="0.840" /></testsuite></testsuites>