<?xml version="1.0" encoding="utf-8"?><testsuites name="pytest tests"><testsuite name="pytest" errors="0" failures="0" skipped="0" tests="3" time="3.047" timestamp="2026-05-01T08:36:07.416273+00:00" hostname="agent-env-318db631-e60b-4d15-92b6-cace647a0e9d"><testcase classname="tests.test_report_demos.TestReportDemos" name="test_weekly_report_counts_booked_demos_from_meetings" time="0.923" /><testcase classname="tests.test_report_demos.TestReportDemos" name="test_weekly_report_counts_completed_demos_from_meetings" time="0.968" /><testcase classname="tests.test_report_demos.TestReportDemos" name="test_weekly_report_csv_export_contains_demo_rows" time="1.089" /></testsuite></testsuites>