<?xml version="1.0" encoding="utf-8"?><testsuites name="pytest tests"><testsuite name="pytest" errors="0" failures="1" skipped="0" tests="33" time="13.002" timestamp="2026-07-02T11:55:54.292175+00:00" hostname="agent-env-318db631-e60b-4d15-92b6-cace647a0e9d"><testcase classname="backend.tests.test_iter19_seniortm_event" name="test_senior_tm_create_event_with_km" time="0.764" /><testcase classname="backend.tests.test_iter19_seniortm_event" name="test_tm_create_event_regression" time="0.454" /><testcase classname="backend.tests.test_iter19_seniortm_event" name="test_manager_create_event_regression" time="0.363"><failure message="AssertionError: login failed for manager@field.io: 401 {&quot;detail&quot;:&quot;Invalid email or password&quot;}&#10;assert 401 == 200&#10; +  where 401 = &lt;Response [401]&gt;.status_code">backend/tests/test_iter19_seniortm_event.py:52: in test_manager_create_event_regression
    tok = _login("manager@field.io", "mgr123")
          ^^^^^^^^^^^^^^^^^^^^^^^^^^^^^^^^^^^^
backend/tests/test_iter19_seniortm_event.py:12: in _login
    assert r.status_code == 200, f"login failed for {email}: {r.status_code} {r.text}"
E   AssertionError: login failed for manager@field.io: 401 {"detail":"Invalid email or password"}
E   assert 401 == 200
E    +  where 401 = &lt;Response [401]&gt;.status_code</failure></testcase><testcase classname="backend.tests.test_iter19_seniortm_event" name="test_admin_create_event_regression" time="0.456" /><testcase classname="backend.tests.test_phase_m1_reimbursement" name="test_generate_report" time="1.793" /><testcase classname="backend.tests.test_phase_m1_reimbursement" name="test_missing_km_flow_and_submit" time="0.850" /><testcase classname="backend.tests.test_phase_m1_reimbursement" name="test_senior_review_and_pdf" time="1.047" /><testcase classname="backend.tests.test_phase_m1_reimbursement" name="test_rbac_tm_cannot_see_other_tm_reports" time="0.103" /><testcase classname="backend.tests.test_phase_m1_reimbursement" name="test_tm_can_add_missing_km_but_not_overwrite" time="0.328" /><testcase classname="backend.tests.test_phase_m2_receipt_ocr" name="test_expense_accepts_m1_categories[Hotel]" time="0.420" /><testcase classname="backend.tests.test_phase_m2_receipt_ocr" name="test_expense_accepts_m1_categories[Parking]" time="0.103" /><testcase classname="backend.tests.test_phase_m2_receipt_ocr" name="test_expense_accepts_m1_categories[Tolls]" time="0.104" /><testcase classname="backend.tests.test_phase_m2_receipt_ocr" name="test_expense_accepts_m1_categories[Other]" time="0.098" /><testcase classname="backend.tests.test_phase_m2_receipt_ocr" name="test_expense_rejects_unknown_category" time="0.099" /><testcase classname="backend.tests.test_phase_m2_receipt_ocr" name="test_extract_receipt_shape" time="1.229" /><testcase classname="backend.tests.test_phase_o_event_km" name="test_event_km_flow" time="1.414" /><testcase classname="backend.tests.test_doctor_dedupe" name="test_normalize_person_name[Dr John Smith-john smith]" time="0.000" /><testcase classname="backend.tests.test_doctor_dedupe" name="test_normalize_person_name[dr. john smith-john smith]" time="0.000" /><testcase classname="backend.tests.test_doctor_dedupe" name="test_normalize_person_name[DR JOHN SMITH-john smith]" time="0.000" /><testcase classname="backend.tests.test_doctor_dedupe" name="test_normalize_person_name[Doctor John Smith-john smith]" time="0.000" /><testcase classname="backend.tests.test_doctor_dedupe" name="test_normalize_person_name[Prof. Dr. John Smith-john smith]" time="0.000" /><testcase classname="backend.tests.test_doctor_dedupe" name="test_normalize_person_name[  John   Smith  -john smith]" time="0.000" /><testcase classname="backend.tests.test_doctor_dedupe" name="test_normalize_person_name[J\xe1n \u0160krab\xe1\u010dek-jan skrabacek]" time="0.000" /><testcase classname="backend.tests.test_doctor_dedupe" name="test_normalize_person_name[Dr.Jane-dr.jane]" time="0.000" /><testcase classname="backend.tests.test_doctor_dedupe" name="test_normalize_person_name[Mr Smith-smith]" time="0.000" /><testcase classname="backend.tests.test_doctor_dedupe" name="test_normalize_person_name[Mrs. Elena Petrova-elena petrova]" time="0.000" /><testcase classname="backend.tests.test_doctor_dedupe" name="test_normalize_person_name[-]" time="0.000" /><testcase classname="backend.tests.test_doctor_dedupe" name="test_normalize_person_name[None-]" time="0.000" /><testcase classname="backend.tests.test_doctor_dedupe" name="test_normalize_city_key_folds_accents" time="0.000" /><testcase classname="backend.tests.test_doctor_dedupe" name="test_duplicate_with_dr_prefix_blocked" time="0.560" /><testcase classname="backend.tests.test_doctor_dedupe" name="test_duplicate_prefix_variants_all_blocked" time="0.635" /><testcase classname="backend.tests.test_doctor_dedupe" name="test_same_name_different_city_allowed" time="0.311" /><testcase classname="backend.tests.test_doctor_dedupe" name="test_duplicate_when_no_city_on_either_side" time="1.495" /></testsuite></testsuites>