<?xml version="1.0" encoding="utf-8"?><testsuites name="pytest tests"><testsuite name="pytest" errors="0" failures="0" skipped="0" tests="82" time="168.436" timestamp="2026-07-02T12:16:50.400700+00:00" hostname="agent-env-318db631-e60b-4d15-92b6-cace647a0e9d"><testcase classname="backend.tests.test_phase_m1_reimbursement" name="test_generate_report" time="1.743" /><testcase classname="backend.tests.test_phase_m1_reimbursement" name="test_missing_km_flow_and_submit" time="0.926" /><testcase classname="backend.tests.test_phase_m1_reimbursement" name="test_senior_review_and_pdf" time="1.070" /><testcase classname="backend.tests.test_phase_m1_reimbursement" name="test_rbac_tm_cannot_see_other_tm_reports" time="0.148" /><testcase classname="backend.tests.test_phase_m1_reimbursement" name="test_tm_can_add_missing_km_but_not_overwrite" time="0.504" /><testcase classname="backend.tests.test_phase_m2_receipt_ocr" name="test_expense_accepts_m1_categories[Hotel]" time="0.466" /><testcase classname="backend.tests.test_phase_m2_receipt_ocr" name="test_expense_accepts_m1_categories[Parking]" time="0.118" /><testcase classname="backend.tests.test_phase_m2_receipt_ocr" name="test_expense_accepts_m1_categories[Tolls]" time="0.102" /><testcase classname="backend.tests.test_phase_m2_receipt_ocr" name="test_expense_accepts_m1_categories[Other]" time="0.106" /><testcase classname="backend.tests.test_phase_m2_receipt_ocr" name="test_expense_rejects_unknown_category" time="0.096" /><testcase classname="backend.tests.test_phase_m2_receipt_ocr" name="test_extract_receipt_shape" time="0.670" /><testcase classname="backend.tests.test_phase_o_event_km" name="test_event_km_flow" time="1.495" /><testcase classname="backend.tests.test_doctor_dedupe" name="test_normalize_person_name[Dr John Smith-john smith]" time="0.000" /><testcase classname="backend.tests.test_doctor_dedupe" name="test_normalize_person_name[dr. john smith-john smith]" time="0.000" /><testcase classname="backend.tests.test_doctor_dedupe" name="test_normalize_person_name[DR JOHN SMITH-john smith]" time="0.000" /><testcase classname="backend.tests.test_doctor_dedupe" name="test_normalize_person_name[Doctor John Smith-john smith]" time="0.000" /><testcase classname="backend.tests.test_doctor_dedupe" name="test_normalize_person_name[Prof. Dr. John Smith-john smith]" time="0.000" /><testcase classname="backend.tests.test_doctor_dedupe" name="test_normalize_person_name[  John   Smith  -john smith]" time="0.000" /><testcase classname="backend.tests.test_doctor_dedupe" name="test_normalize_person_name[J\xe1n \u0160krab\xe1\u010dek-jan skrabacek]" time="0.000" /><testcase classname="backend.tests.test_doctor_dedupe" name="test_normalize_person_name[Dr.Jane-dr.jane]" time="0.000" /><testcase classname="backend.tests.test_doctor_dedupe" name="test_normalize_person_name[Mr Smith-smith]" time="0.000" /><testcase classname="backend.tests.test_doctor_dedupe" name="test_normalize_person_name[Mrs. Elena Petrova-elena petrova]" time="0.000" /><testcase classname="backend.tests.test_doctor_dedupe" name="test_normalize_person_name[-]" time="0.000" /><testcase classname="backend.tests.test_doctor_dedupe" name="test_normalize_person_name[None-]" time="0.000" /><testcase classname="backend.tests.test_doctor_dedupe" name="test_normalize_city_key_folds_accents" time="0.000" /><testcase classname="backend.tests.test_doctor_dedupe" name="test_duplicate_with_dr_prefix_blocked" time="0.579" /><testcase classname="backend.tests.test_doctor_dedupe" name="test_duplicate_prefix_variants_all_blocked" time="1.886" /><testcase classname="backend.tests.test_doctor_dedupe" name="test_same_name_different_city_allowed" time="0.314" /><testcase classname="backend.tests.test_doctor_dedupe" name="test_duplicate_when_no_city_on_either_side" time="1.493" /><testcase classname="backend.tests.test_iter19_seniortm_event" name="test_senior_tm_create_event_with_km" time="0.725" /><testcase classname="backend.tests.test_iter19_seniortm_event" name="test_tm_create_event_regression" time="0.786" /><testcase classname="backend.tests.test_iter19_seniortm_event" name="test_manager_create_event_regression" time="0.503" /><testcase classname="backend.tests.test_iter19_seniortm_event" name="test_admin_create_event_regression" time="0.526" /><testcase classname="backend.tests.test_phase_l_senior_tm" name="test_create_senior_tm_chain" time="3.938" /><testcase classname="backend.tests.test_phase_l_senior_tm" name="test_create_user_with_invalid_reports_to_chain_rejected" time="38.141" /><testcase classname="backend.tests.test_phase_l_senior_tm" name="test_senior_tm_list_users_scope" time="22.914" /><testcase classname="backend.tests.test_phase_l_senior_tm" name="test_senior_tm_dashboard_manager_view_only_sees_own_subteam" time="3.688" /><testcase classname="backend.tests.test_phase_l_senior_tm" name="test_senior_tm_generates_own_weekly_report" time="3.673" /><testcase classname="backend.tests.test_phase_l_senior_tm" name="test_senior_tm_can_comment_on_direct_report_weekly" time="6.205" /><testcase classname="backend.tests.test_phase_l_senior_tm" name="test_senior_tm_can_create_intervention_on_direct_report_only" time="4.747" /><testcase classname="backend.tests.test_phase_l_senior_tm" name="test_manager_can_reassign_tm_between_self_and_seniortm" time="4.346" /><testcase classname="backend.tests.test_phase_l_senior_tm" name="test_manager_cannot_grant_admin_role" time="5.459" /><testcase classname="backend.tests.test_expenses.TestExpensesEndToEnd" name="test_create_expense_no_receipt" time="1.570" /><testcase classname="backend.tests.test_expenses.TestExpensesEndToEnd" name="test_currency_is_forced_to_eur" time="1.904" /><testcase classname="backend.tests.test_expenses.TestExpensesEndToEnd" name="test_create_with_receipt_and_dedupe" time="2.209" /><testcase classname="backend.tests.test_expenses.TestExpensesEndToEnd" name="test_role_restrictions_on_create" time="1.850" /><testcase classname="backend.tests.test_expenses.TestExpensesEndToEnd" name="test_invalid_inputs" time="2.057" /><testcase classname="backend.tests.test_expenses.TestExpensesEndToEnd" name="test_list_and_summary_scoping" time="2.369" /><testcase classname="backend.tests.test_expenses.TestExpensesEndToEnd" name="test_update_only_when_draft" time="2.360" /><testcase classname="backend.tests.test_expenses.TestExpensesEndToEnd" name="test_submit_month_locks_drafts" time="2.006" /><testcase classname="backend.tests.test_expenses.TestExpensesEndToEnd" name="test_approve_endpoint_removed" time="2.365" /><testcase classname="backend.tests.test_expenses.TestExpensesEndToEnd" name="test_team_summary" time="2.151" /><testcase classname="backend.tests.test_expenses.TestExpensesEndToEnd" name="test_receipts_zip_download" time="3.166" /><testcase classname="backend.tests.test_expenses.TestExpensesEndToEnd" name="test_submit_month_validation" time="2.045" /><testcase classname="backend.tests.test_expenses.TestExpensesEndToEnd" name="test_extract_endpoint_smoke" time="5.554" /><testcase classname="backend.tests.test_expenses.TestExpensesEndToEnd" name="test_extract_requires_tm" time="1.566" /><testcase classname="backend.tests.test_admin_guardrails.TestAdminGuardrails" name="test_last_admin_cannot_be_deactivated" time="0.801" /><testcase classname="backend.tests.test_admin_guardrails.TestAdminGuardrails" name="test_self_deactivation_blocked_even_when_other_admins_exist" time="1.363" /><testcase classname="backend.tests.test_audit_p2_security.TestBruteForceLogin" name="test_locks_out_after_five_failures" time="1.994" /><testcase classname="backend.tests.test_audit_p2_security.TestBruteForceLogin" name="test_success_clears_counter" time="1.788" /><testcase classname="backend.tests.test_audit_p2_security.TestJwtSecretEnvOnly" name="test_jwt_secret_has_no_fallback" time="0.000" /><testcase classname="backend.tests.test_audit_p2_security.TestAiErrorSanitisation" name="test_sanitiser_redacts_known_patterns" time="1.774" /><testcase classname="backend.tests.test_audit_p2_security.TestAiErrorSanitisation" name="test_sanitiser_redacts_emergent_key_value" time="0.000" /><testcase classname="backend.tests.test_audit_p2_security.TestAiErrorSanitisation" name="test_sanitiser_redacts_jwt_shape" time="0.000" /><testcase classname="backend.tests.test_audit_p2_security.TestOwnerCrossCompanyReadAudit" name="test_records_one_audit_row_per_day" time="1.040" /><testcase classname="backend.tests.test_audit_p2_security.TestReportsGenerateRateLimit" name="test_429_after_limit" time="4.309" /><testcase classname="backend.tests.test_iteration_16_seniortm_expenses" name="test_bug1_seniortm_sees_subteam_tm_expense_in_team_summary" time="0.326" /><testcase classname="backend.tests.test_iteration_16_seniortm_expenses" name="test_bug1_seniortm_list_default_scope_includes_subteam_and_self" time="0.352" /><testcase classname="backend.tests.test_iteration_16_seniortm_expenses" name="test_bug1_seniortm_list_personal_only_returns_self" time="0.178" /><testcase classname="backend.tests.test_iteration_16_seniortm_expenses" name="test_bug2_seniortm_can_post_expense_draft" time="0.180" /><testcase classname="backend.tests.test_iteration_16_seniortm_expenses" name="test_bug2_seniortm_can_submit_month" time="0.306" /><testcase classname="backend.tests.test_iteration_16_seniortm_expenses" name="test_bug3_receipts_zip_is_pdf_per_expense" time="1.023" /><testcase classname="backend.tests.test_iteration_16_seniortm_expenses" name="test_regression_manager_team_summary_and_receipts_zip" time="1.952" /><testcase classname="backend.tests.test_iteration_16_seniortm_expenses" name="test_regression_plain_tm_only_sees_own_expenses" time="1.054" /><testcase classname="backend.tests.test_iteration_17_expense_download_fixes" name="test_bugfix_a_seniortm_receipts_zip_returns_200_with_content_disposition" time="0.711" /><testcase classname="backend.tests.test_iteration_17_expense_download_fixes" name="test_bugfix_b_empty_month_returns_404_with_json_detail" time="0.172" /><testcase classname="backend.tests.test_iteration_17_expense_download_fixes" name="test_bugfix_c_content_type_zip_and_content_length_present" time="0.774" /><testcase classname="backend.tests.test_iteration_17_expense_download_fixes" name="test_new_feature_tm_can_download_own_report" time="0.496" /><testcase classname="backend.tests.test_iteration_17_expense_download_fixes" name="test_rbac_tm_cannot_download_another_tm_via_query_param" time="0.597" /><testcase classname="backend.tests.test_iteration_17_expense_download_fixes" name="test_seniortm_personal_true_scopes_to_own" time="1.612" /><testcase classname="backend.tests.test_iteration_17_expense_download_fixes" name="test_regression_seniortm_team_view_specific_tm_filter" time="0.643" /><testcase classname="backend.tests.test_iteration_17_expense_download_fixes" name="test_cors_exposes_content_disposition" time="0.726" /></testsuite></testsuites>