<?xml version="1.0" encoding="utf-8"?><testsuites name="pytest tests"><testsuite name="pytest" errors="0" failures="0" skipped="0" tests="8" time="3.889" timestamp="2026-07-02T07:30:34.082655+00:00" hostname="agent-env-318db631-e60b-4d15-92b6-cace647a0e9d"><testcase classname="backend.tests.test_iteration_17_expense_download_fixes" name="test_bugfix_a_seniortm_receipts_zip_returns_200_with_content_disposition" time="0.402" /><testcase classname="backend.tests.test_iteration_17_expense_download_fixes" name="test_bugfix_b_empty_month_returns_404_with_json_detail" time="0.136" /><testcase classname="backend.tests.test_iteration_17_expense_download_fixes" name="test_bugfix_c_content_type_zip_and_content_length_present" time="0.277" /><testcase classname="backend.tests.test_iteration_17_expense_download_fixes" name="test_new_feature_tm_can_download_own_report" time="0.256" /><testcase classname="backend.tests.test_iteration_17_expense_download_fixes" name="test_rbac_tm_cannot_download_another_tm_via_query_param" time="0.402" /><testcase classname="backend.tests.test_iteration_17_expense_download_fixes" name="test_seniortm_personal_true_scopes_to_own" time="0.254" /><testcase classname="backend.tests.test_iteration_17_expense_download_fixes" name="test_regression_seniortm_team_view_specific_tm_filter" time="0.265" /><testcase classname="backend.tests.test_iteration_17_expense_download_fixes" name="test_cors_exposes_content_disposition" time="0.299" /></testsuite></testsuites>