<?xml version="1.0" encoding="utf-8"?><testsuites name="pytest tests"><testsuite name="pytest" errors="0" failures="1" skipped="0" tests="13" time="11.330" timestamp="2026-04-28T06:25:22.308061+00:00" hostname="agent-env-318db631-e60b-4d15-92b6-cace647a0e9d"><testcase classname="tests.test_commercial_and_control_tower.TestManagerCommercial" name="test_shape" time="1.579" /><testcase classname="tests.test_commercial_and_control_tower.TestManagerCommercial" name="test_admin_ok" time="0.122" /><testcase classname="tests.test_commercial_and_control_tower.TestManagerCommercial" name="test_tm_forbidden" time="0.113" /><testcase classname="tests.test_commercial_and_control_tower.TestManagerCommercial" name="test_seed_demo_funnel_values" time="0.129" /><testcase classname="tests.test_commercial_and_control_tower.TestManagerInterventions" name="test_shape" time="0.125" /><testcase classname="tests.test_commercial_and_control_tower.TestManagerInterventions" name="test_tm_forbidden" time="0.117" /><testcase classname="tests.test_commercial_and_control_tower.TestManagerPerformanceExtended" name="test_new_fields" time="0.124" /><testcase classname="tests.test_commercial_and_control_tower.TestManagerPerformanceExtended" name="test_sorted_worst_first" time="0.130" /><testcase classname="tests.test_commercial_and_control_tower.TestVisitsCommercialActions" name="test_analyze_returns_commercial" time="8.081" /><testcase classname="tests.test_commercial_and_control_tower.TestVisitsCommercialActions" name="test_create_visit_persists_commercial" time="0.261"><failure message="AssertionError: assert None&#10; +  where None = &lt;built-in method get of dict object at 0xf849a6bdd480&gt;('commercial_actions')&#10; +    where &lt;built-in method get of dict object at 0xf849a6bdd480&gt; = {'ai_extraction': {'barriers': [], 'commercial_actions': {'boost_discussed': True, 'demo_booked': True, 'demo_booked_date': '2026-01-20', 'demo_completed': False, ...}, 'market_signals': [], 'opportunity_state': 'Unknown', ...}, 'confirmed_barriers': [], 'confirmed_topics': ['TEST_topic'], 'created_at': '2026-04-28T06:25:33.155945+00:00', ...}.get">tests/test_commercial_and_control_tower.py:188: in test_create_visit_persists_commercial
    assert visit.get("commercial_actions")
E   AssertionError: assert None
E    +  where None = &lt;built-in method get of dict object at 0xf849a6bdd480&gt;('commercial_actions')
E    +    where &lt;built-in method get of dict object at 0xf849a6bdd480&gt; = {'ai_extraction': {'barriers': [], 'commercial_actions': {'boost_discussed': True, 'demo_booked': True, 'demo_booked_date': '2026-01-20', 'demo_completed': False, ...}, 'market_signals': [], 'opportunity_state': 'Unknown', ...}, 'confirmed_barriers': [], 'confirmed_topics': ['TEST_topic'], 'created_at': '2026-04-28T06:25:33.155945+00:00', ...}.get</failure></testcase><testcase classname="tests.test_commercial_and_control_tower.TestDoctorsEnriched" name="test_list_has_commercial_state" time="0.110" /><testcase classname="tests.test_commercial_and_control_tower.TestDoctorsEnriched" name="test_detail_has_commercial_state" time="0.219" /><testcase classname="tests.test_commercial_and_control_tower.TestReportCommercialCounts" name="test_generate_contains_counts" time="0.117" /></testsuite></testsuites>