<?xml version="1.0" encoding="utf-8"?><testsuites name="pytest tests"><testsuite name="pytest" errors="0" failures="0" skipped="0" tests="5" time="3.892" timestamp="2026-07-02T08:00:53.754958+00:00" hostname="agent-env-318db631-e60b-4d15-92b6-cace647a0e9d"><testcase classname="backend.tests.test_phase_m1_reimbursement" name="test_generate_report" time="1.774" /><testcase classname="backend.tests.test_phase_m1_reimbursement" name="test_missing_km_flow_and_submit" time="0.795" /><testcase classname="backend.tests.test_phase_m1_reimbursement" name="test_senior_review_and_pdf" time="0.826" /><testcase classname="backend.tests.test_phase_m1_reimbursement" name="test_rbac_tm_cannot_see_other_tm_reports" time="0.097" /><testcase classname="backend.tests.test_phase_m1_reimbursement" name="test_tm_can_add_missing_km_but_not_overwrite" time="0.327" /></testsuite></testsuites>