<?xml version="1.0" encoding="utf-8"?><testsuites name="pytest tests"><testsuite name="pytest" errors="0" failures="0" skipped="0" tests="29" time="22.772" timestamp="2026-04-28T07:26:38.879478+00:00" hostname="agent-env-318db631-e60b-4d15-92b6-cace647a0e9d"><testcase classname="backend.tests.test_iter4_itero_invisalign.TestManagerItero" name="test_manager_itero_shape" time="0.552" /><testcase classname="backend.tests.test_iter4_itero_invisalign.TestManagerItero" name="test_tm_forbidden_manager_itero" time="0.428" /><testcase classname="backend.tests.test_iter4_itero_invisalign.TestManagerInvisalign" name="test_manager_invisalign_shape" time="0.134" /><testcase classname="backend.tests.test_iter4_itero_invisalign.TestManagerInvisalign" name="test_tm_forbidden_manager_invisalign" time="0.104" /><testcase classname="backend.tests.test_iter4_itero_invisalign.TestManagerCrossSell" name="test_cross_sell_shape" time="0.117" /><testcase classname="backend.tests.test_iter4_itero_invisalign.TestManagerCrossSell" name="test_tm_forbidden_cross_sell" time="0.104" /><testcase classname="backend.tests.test_iter4_itero_invisalign.TestTmItero" name="test_tm_itero_shape" time="0.117" /><testcase classname="backend.tests.test_iter4_itero_invisalign.TestTmItero" name="test_manager_forbidden_tm_itero" time="0.100" /><testcase classname="backend.tests.test_iter4_itero_invisalign.TestTmItero" name="test_admin_forbidden_tm_itero" time="0.657" /><testcase classname="backend.tests.test_iter4_itero_invisalign.TestTmInvisalign" name="test_tm_invisalign_shape" time="0.117" /><testcase classname="backend.tests.test_iter4_itero_invisalign.TestTmInvisalign" name="test_manager_forbidden_tm_invisalign" time="0.097" /><testcase classname="backend.tests.test_iter4_itero_invisalign.TestVisitsTrackPersistence" name="test_create_visit_persists_track_and_actions" time="0.319" /><testcase classname="backend.tests.test_iter4_itero_invisalign.TestVisitsTrackPersistence" name="test_invisalign_only_visit_does_not_affect_itero_funnel" time="0.447" /><testcase classname="backend.tests.test_iter4_itero_invisalign.TestDoctorEnrichment" name="test_list_doctors_enriched_states" time="0.120" /><testcase classname="backend.tests.test_iter4_itero_invisalign.TestDoctorEnrichment" name="test_get_doctor_detail_enriched" time="0.207" /><testcase classname="backend.tests.test_iter4_itero_invisalign.TestAiAnalyze" name="test_analyze_dual_track" time="7.251" /><testcase classname="backend.tests.test_commercial_and_control_tower.TestManagerCommercial" name="test_shape" time="1.543" /><testcase classname="backend.tests.test_commercial_and_control_tower.TestManagerCommercial" name="test_admin_ok" time="0.114" /><testcase classname="backend.tests.test_commercial_and_control_tower.TestManagerCommercial" name="test_tm_forbidden" time="0.093" /><testcase classname="backend.tests.test_commercial_and_control_tower.TestManagerCommercial" name="test_seed_demo_funnel_values" time="0.130" /><testcase classname="backend.tests.test_commercial_and_control_tower.TestManagerInterventions" name="test_shape" time="0.118" /><testcase classname="backend.tests.test_commercial_and_control_tower.TestManagerInterventions" name="test_tm_forbidden" time="0.132" /><testcase classname="backend.tests.test_commercial_and_control_tower.TestManagerPerformanceExtended" name="test_new_fields" time="0.123" /><testcase classname="backend.tests.test_commercial_and_control_tower.TestManagerPerformanceExtended" name="test_sorted_worst_first" time="0.124" /><testcase classname="backend.tests.test_commercial_and_control_tower.TestVisitsCommercialActions" name="test_analyze_returns_commercial" time="8.596" /><testcase classname="backend.tests.test_commercial_and_control_tower.TestVisitsCommercialActions" name="test_create_visit_persists_commercial" time="0.375" /><testcase classname="backend.tests.test_commercial_and_control_tower.TestDoctorsEnriched" name="test_list_has_commercial_state" time="0.121" /><testcase classname="backend.tests.test_commercial_and_control_tower.TestDoctorsEnriched" name="test_detail_has_commercial_state" time="0.235" /><testcase classname="backend.tests.test_commercial_and_control_tower.TestReportCommercialCounts" name="test_generate_contains_counts" time="0.122" /></testsuite></testsuites>