<?xml version="1.0" encoding="utf-8"?><testsuites name="pytest tests"><testsuite name="pytest" errors="0" failures="0" skipped="0" tests="50" time="28.635" timestamp="2026-07-02T14:13:08.619613+00:00" hostname="agent-env-318db631-e60b-4d15-92b6-cace647a0e9d"><testcase classname="backend.tests.test_phase_o4_expense_include" name="test_toggle_include_updates_manual_total" time="1.303" /><testcase classname="backend.tests.test_phase_o4_expense_include" name="test_petrol_never_counts_in_manual_total" time="0.559" /><testcase classname="backend.tests.test_phase_o4_expense_include" name="test_cannot_include_expense_already_attached_to_other_report" time="0.703" /><testcase classname="backend.tests.test_phase_o3_month_expenses" name="test_report_includes_all_month_expenses_and_variance" time="1.217" /><testcase classname="backend.tests.test_phase_o3_month_expenses" name="test_expenses_outside_month_are_excluded" time="0.428" /><testcase classname="backend.tests.test_phase_m1_reimbursement" name="test_generate_report" time="1.954" /><testcase classname="backend.tests.test_phase_m1_reimbursement" name="test_missing_km_flow_and_submit" time="1.132" /><testcase classname="backend.tests.test_phase_m1_reimbursement" name="test_senior_review_and_pdf" time="1.200" /><testcase classname="backend.tests.test_phase_m1_reimbursement" name="test_rbac_tm_cannot_see_other_tm_reports" time="0.134" /><testcase classname="backend.tests.test_phase_m1_reimbursement" name="test_tm_can_add_missing_km_but_not_overwrite" time="0.455" /><testcase classname="backend.tests.test_phase_m2_receipt_ocr" name="test_expense_accepts_m1_categories[Hotel]" time="0.498" /><testcase classname="backend.tests.test_phase_m2_receipt_ocr" name="test_expense_accepts_m1_categories[Parking]" time="0.138" /><testcase classname="backend.tests.test_phase_m2_receipt_ocr" name="test_expense_accepts_m1_categories[Tolls]" time="0.136" /><testcase classname="backend.tests.test_phase_m2_receipt_ocr" name="test_expense_accepts_m1_categories[Other]" time="0.155" /><testcase classname="backend.tests.test_phase_m2_receipt_ocr" name="test_expense_rejects_unknown_category" time="0.130" /><testcase classname="backend.tests.test_phase_m2_receipt_ocr" name="test_extract_receipt_shape" time="0.640" /><testcase classname="backend.tests.test_phase_o_event_km" name="test_event_km_flow" time="3.574" /><testcase classname="backend.tests.test_iteration_16_seniortm_expenses" name="test_bug1_seniortm_sees_subteam_tm_expense_in_team_summary" time="0.215" /><testcase classname="backend.tests.test_iteration_16_seniortm_expenses" name="test_bug1_seniortm_list_default_scope_includes_subteam_and_self" time="0.215" /><testcase classname="backend.tests.test_iteration_16_seniortm_expenses" name="test_bug1_seniortm_list_personal_only_returns_self" time="0.107" /><testcase classname="backend.tests.test_iteration_16_seniortm_expenses" name="test_bug2_seniortm_can_post_expense_draft" time="0.129" /><testcase classname="backend.tests.test_iteration_16_seniortm_expenses" name="test_bug2_seniortm_can_submit_month" time="0.204" /><testcase classname="backend.tests.test_iteration_16_seniortm_expenses" name="test_bug3_receipts_zip_is_pdf_per_expense" time="1.025" /><testcase classname="backend.tests.test_iteration_16_seniortm_expenses" name="test_regression_manager_team_summary_and_receipts_zip" time="0.724" /><testcase classname="backend.tests.test_iteration_16_seniortm_expenses" name="test_regression_plain_tm_only_sees_own_expenses" time="0.737" /><testcase classname="backend.tests.test_iteration_17_expense_download_fixes" name="test_bugfix_a_seniortm_receipts_zip_returns_200_with_content_disposition" time="0.872" /><testcase classname="backend.tests.test_iteration_17_expense_download_fixes" name="test_bugfix_b_empty_month_returns_404_with_json_detail" time="0.119" /><testcase classname="backend.tests.test_iteration_17_expense_download_fixes" name="test_bugfix_c_content_type_zip_and_content_length_present" time="0.877" /><testcase classname="backend.tests.test_iteration_17_expense_download_fixes" name="test_new_feature_tm_can_download_own_report" time="0.389" /><testcase classname="backend.tests.test_iteration_17_expense_download_fixes" name="test_rbac_tm_cannot_download_another_tm_via_query_param" time="0.508" /><testcase classname="backend.tests.test_iteration_17_expense_download_fixes" name="test_seniortm_personal_true_scopes_to_own" time="0.685" /><testcase classname="backend.tests.test_iteration_17_expense_download_fixes" name="test_regression_seniortm_team_view_specific_tm_filter" time="0.680" /><testcase classname="backend.tests.test_iteration_17_expense_download_fixes" name="test_cors_exposes_content_disposition" time="0.911" /><testcase classname="backend.tests.test_doctor_dedupe" name="test_normalize_person_name[Dr John Smith-john smith]" time="0.000" /><testcase classname="backend.tests.test_doctor_dedupe" name="test_normalize_person_name[dr. john smith-john smith]" time="0.000" /><testcase classname="backend.tests.test_doctor_dedupe" name="test_normalize_person_name[DR JOHN SMITH-john smith]" time="0.000" /><testcase classname="backend.tests.test_doctor_dedupe" name="test_normalize_person_name[Doctor John Smith-john smith]" time="0.000" /><testcase classname="backend.tests.test_doctor_dedupe" name="test_normalize_person_name[Prof. Dr. John Smith-john smith]" time="0.000" /><testcase classname="backend.tests.test_doctor_dedupe" name="test_normalize_person_name[  John   Smith  -john smith]" time="0.000" /><testcase classname="backend.tests.test_doctor_dedupe" name="test_normalize_person_name[J\xe1n \u0160krab\xe1\u010dek-jan skrabacek]" time="0.000" /><testcase classname="backend.tests.test_doctor_dedupe" name="test_normalize_person_name[Dr.Jane-dr.jane]" time="0.000" /><testcase classname="backend.tests.test_doctor_dedupe" name="test_normalize_person_name[Mr Smith-smith]" time="0.000" /><testcase classname="backend.tests.test_doctor_dedupe" name="test_normalize_person_name[Mrs. Elena Petrova-elena petrova]" time="0.000" /><testcase classname="backend.tests.test_doctor_dedupe" name="test_normalize_person_name[-]" time="0.000" /><testcase classname="backend.tests.test_doctor_dedupe" name="test_normalize_person_name[None-]" time="0.000" /><testcase classname="backend.tests.test_doctor_dedupe" name="test_normalize_city_key_folds_accents" time="0.000" /><testcase classname="backend.tests.test_doctor_dedupe" name="test_duplicate_with_dr_prefix_blocked" time="0.555" /><testcase classname="backend.tests.test_doctor_dedupe" name="test_duplicate_prefix_variants_all_blocked" time="0.648" /><testcase classname="backend.tests.test_doctor_dedupe" name="test_same_name_different_city_allowed" time="0.213" /><testcase classname="backend.tests.test_doctor_dedupe" name="test_duplicate_when_no_city_on_either_side" time="1.085" /></testsuite></testsuites>