<?xml version="1.0" encoding="utf-8"?><testsuites name="pytest tests"><testsuite name="pytest" errors="0" failures="0" skipped="0" tests="8" time="4.460" timestamp="2026-04-28T05:43:10.814598+00:00" hostname="agent-env-318db631-e60b-4d15-92b6-cace647a0e9d"><testcase classname="tests.test_reports_and_performance.TestManagerPerformance" name="test_manager_sees_team" time="1.815" /><testcase classname="tests.test_reports_and_performance.TestManagerPerformance" name="test_admin_sees_all" time="0.125" /><testcase classname="tests.test_reports_and_performance.TestManagerPerformance" name="test_tm_forbidden" time="0.107" /><testcase classname="tests.test_reports_and_performance.TestReportGenerate" name="test_tm_generate_draft_shape" time="0.111" /><testcase classname="tests.test_reports_and_performance.TestReportGenerate" name="test_manager_cannot_generate" time="0.107" /><testcase classname="tests.test_reports_and_performance.TestReportCRUDFlow" name="test_full_flow" time="1.888" /><testcase classname="tests.test_reports_and_performance.TestReportBuckets" name="test_pending_bucket_synthetic" time="0.101" /><testcase classname="tests.test_reports_and_performance.TestReportBuckets" name="test_overdue_bucket_synthetic" time="0.124" /></testsuite></testsuites>