<?xml version="1.0" encoding="utf-8"?><testsuites name="pytest tests"><testsuite name="pytest" errors="0" failures="0" skipped="0" tests="16" time="13.113" timestamp="2026-07-02T12:16:28.111312+00:00" hostname="agent-env-318db631-e60b-4d15-92b6-cace647a0e9d"><testcase classname="backend.tests.test_seniortm_role_parity.TestSeniorTMOnTMScope" name="test_get_doctors" time="1.571" /><testcase classname="backend.tests.test_seniortm_role_parity.TestSeniorTMOnTMScope" name="test_post_visit" time="0.224" /><testcase classname="backend.tests.test_seniortm_role_parity.TestSeniorTMOnTMScope" name="test_post_expense" time="0.103" /><testcase classname="backend.tests.test_seniortm_role_parity.TestSeniorTMOnTMScope" name="test_post_task" time="0.235" /><testcase classname="backend.tests.test_seniortm_role_parity.TestSeniorTMOnTMScope" name="test_post_event" time="0.116" /><testcase classname="backend.tests.test_seniortm_role_parity.TestSeniorTMOnTMScope" name="test_report_generate" time="0.117" /><testcase classname="backend.tests.test_seniortm_role_parity.TestSeniorTMOnTMScope" name="test_reimbursement_report_generate" time="0.118" /><testcase classname="backend.tests.test_seniortm_role_parity.TestSeniorTMOnManagerScope" name="test_metrics" time="8.744" /><testcase classname="backend.tests.test_seniortm_role_parity.TestSeniorTMOnManagerScope" name="test_create_user_subordinate" time="0.132" /><testcase classname="backend.tests.test_seniortm_role_parity.TestInlineWhitelistPatched" name="test_ai_extract" time="0.112" /><testcase classname="backend.tests.test_seniortm_role_parity.TestInlineWhitelistPatched" name="test_doctor_itero_stage" time="0.258" /><testcase classname="backend.tests.test_seniortm_role_parity.TestInlineWhitelistPatched" name="test_track_signals" time="0.178" /><testcase classname="backend.tests.test_seniortm_role_parity.TestInlineWhitelistPatched" name="test_clinical_patterns" time="0.117" /><testcase classname="backend.tests.test_seniortm_role_parity.TestExpenseUnion" name="test_senior_sees_own_and_team" time="0.455" /><testcase classname="backend.tests.test_seniortm_role_parity.TestRegression" name="test_tm_still_works" time="0.245" /><testcase classname="backend.tests.test_seniortm_role_parity.TestRegression" name="test_manager_still_works" time="0.303" /></testsuite></testsuites>