<?xml version="1.0" encoding="utf-8"?><testsuites name="pytest tests"><testsuite name="pytest" errors="0" failures="0" skipped="0" tests="6" time="3.020" timestamp="2026-04-28T07:24:49.914349+00:00" hostname="agent-env-318db631-e60b-4d15-92b6-cace647a0e9d"><testcase classname="backend.tests.test_voice_transcription" name="test_transcribe_requires_auth" time="0.010" /><testcase classname="backend.tests.test_voice_transcription" name="test_transcribe_empty_audio_returns_400" time="0.268" /><testcase classname="backend.tests.test_voice_transcription" name="test_transcribe_valid_audio_returns_200[tm]" time="1.445" /><testcase classname="backend.tests.test_voice_transcription" name="test_transcribe_valid_audio_returns_200[mgr]" time="0.540" /><testcase classname="backend.tests.test_voice_transcription" name="test_transcribe_valid_audio_returns_200[admin]" time="0.606" /><testcase classname="backend.tests.test_voice_transcription" name="test_transcribe_oversize_returns_413" time="0.076" /></testsuite></testsuites>