<?xml version="1.0" encoding="utf-8"?><testsuites name="pytest tests"><testsuite name="pytest" errors="0" failures="0" skipped="0" tests="16" time="10.795" timestamp="2026-04-28T06:50:43.879433+00:00" hostname="agent-env-318db631-e60b-4d15-92b6-cace647a0e9d"><testcase classname="tests.test_iter4_itero_invisalign.TestManagerItero" name="test_manager_itero_shape" time="0.603" /><testcase classname="tests.test_iter4_itero_invisalign.TestManagerItero" name="test_tm_forbidden_manager_itero" time="0.460" /><testcase classname="tests.test_iter4_itero_invisalign.TestManagerInvisalign" name="test_manager_invisalign_shape" time="0.118" /><testcase classname="tests.test_iter4_itero_invisalign.TestManagerInvisalign" name="test_tm_forbidden_manager_invisalign" time="0.098" /><testcase classname="tests.test_iter4_itero_invisalign.TestManagerCrossSell" name="test_cross_sell_shape" time="0.118" /><testcase classname="tests.test_iter4_itero_invisalign.TestManagerCrossSell" name="test_tm_forbidden_cross_sell" time="0.105" /><testcase classname="tests.test_iter4_itero_invisalign.TestTmItero" name="test_tm_itero_shape" time="0.129" /><testcase classname="tests.test_iter4_itero_invisalign.TestTmItero" name="test_manager_forbidden_tm_itero" time="0.102" /><testcase classname="tests.test_iter4_itero_invisalign.TestTmItero" name="test_admin_forbidden_tm_itero" time="0.535" /><testcase classname="tests.test_iter4_itero_invisalign.TestTmInvisalign" name="test_tm_invisalign_shape" time="0.149" /><testcase classname="tests.test_iter4_itero_invisalign.TestTmInvisalign" name="test_manager_forbidden_tm_invisalign" time="0.103" /><testcase classname="tests.test_iter4_itero_invisalign.TestVisitsTrackPersistence" name="test_create_visit_persists_track_and_actions" time="0.316" /><testcase classname="tests.test_iter4_itero_invisalign.TestVisitsTrackPersistence" name="test_invisalign_only_visit_does_not_affect_itero_funnel" time="0.487" /><testcase classname="tests.test_iter4_itero_invisalign.TestDoctorEnrichment" name="test_list_doctors_enriched_states" time="0.104" /><testcase classname="tests.test_iter4_itero_invisalign.TestDoctorEnrichment" name="test_get_doctor_detail_enriched" time="0.217" /><testcase classname="tests.test_iter4_itero_invisalign.TestAiAnalyze" name="test_analyze_dual_track" time="6.970" /></testsuite></testsuites>