<?xml version="1.0" encoding="utf-8"?><testsuites name="pytest tests"><testsuite name="pytest" errors="0" failures="0" skipped="0" tests="7" time="6.180" timestamp="2026-05-19T16:56:54.448153+00:00" hostname="agent-env-318db631-e60b-4d15-92b6-cace647a0e9d"><testcase classname="backend.tests.test_phase_i_enrichment" name="test_insights_team_includes_scope_name_for_managers" time="0.868" /><testcase classname="backend.tests.test_phase_i_enrichment" name="test_insights_company_returns_wrapped_payload_with_scope_names" time="0.596" /><testcase classname="backend.tests.test_phase_i_enrichment" name="test_interventions_list_includes_tm_name_and_doctor_name" time="1.051" /><testcase classname="backend.tests.test_phase_i_enrichment" name="test_intervention_create_with_doctor_id_populates_doctor_name" time="1.152" /><testcase classname="backend.tests.test_phase_i_enrichment" name="test_intervention_create_with_unknown_doctor_returns_404" time="0.791" /><testcase classname="backend.tests.test_phase_i_enrichment" name="test_create_from_insight_accepts_doctor_id_override" time="1.000" /><testcase classname="backend.tests.test_phase_i_enrichment" name="test_tm_cannot_create_intervention" time="0.586" /></testsuite></testsuites>