<?xml version="1.0" encoding="utf-8"?><testsuites name="pytest tests"><testsuite name="pytest" errors="0" failures="0" skipped="0" tests="9" time="29.426" timestamp="2026-06-22T11:09:47.803512+00:00" hostname="agent-env-318db631-e60b-4d15-92b6-cace647a0e9d"><testcase classname="backend.tests.test_phase_l_senior_tm" name="test_create_senior_tm_chain" time="3.353" /><testcase classname="backend.tests.test_phase_l_senior_tm" name="test_create_user_with_invalid_reports_to_chain_rejected" time="1.395" /><testcase classname="backend.tests.test_phase_l_senior_tm" name="test_senior_tm_list_users_scope" time="3.317" /><testcase classname="backend.tests.test_phase_l_senior_tm" name="test_senior_tm_dashboard_manager_view_only_sees_own_subteam" time="3.771" /><testcase classname="backend.tests.test_phase_l_senior_tm" name="test_senior_tm_generates_own_weekly_report" time="3.300" /><testcase classname="backend.tests.test_phase_l_senior_tm" name="test_senior_tm_can_comment_on_direct_report_weekly" time="3.841" /><testcase classname="backend.tests.test_phase_l_senior_tm" name="test_senior_tm_can_create_intervention_on_direct_report_only" time="3.548" /><testcase classname="backend.tests.test_phase_l_senior_tm" name="test_manager_can_reassign_tm_between_self_and_seniortm" time="3.445" /><testcase classname="backend.tests.test_phase_l_senior_tm" name="test_manager_cannot_grant_admin_role" time="3.384" /></testsuite></testsuites>