<?xml version="1.0" encoding="utf-8"?><testsuites name="pytest tests"><testsuite name="pytest" errors="0" failures="0" skipped="0" tests="21" time="12.283" timestamp="2026-04-28T05:19:07.810217+00:00" hostname="agent-env-318db631-e60b-4d15-92b6-cace647a0e9d"><testcase classname="tests.test_field_intelligence.TestSeed" name="test_seed_idempotent" time="0.276" /><testcase classname="tests.test_field_intelligence.TestAuth" name="test_login_and_me" time="1.930" /><testcase classname="tests.test_field_intelligence.TestAuth" name="test_login_invalid" time="0.325" /><testcase classname="tests.test_field_intelligence.TestAuth" name="test_no_token" time="0.103" /><testcase classname="tests.test_field_intelligence.TestDoctorsRBAC" name="test_admin_sees_all" time="0.116" /><testcase classname="tests.test_field_intelligence.TestDoctorsRBAC" name="test_manager_sees_team" time="0.122" /><testcase classname="tests.test_field_intelligence.TestDoctorsRBAC" name="test_tm1_sees_own" time="0.115" /><testcase classname="tests.test_field_intelligence.TestDoctorsRBAC" name="test_tm2_sees_own" time="0.141" /><testcase classname="tests.test_field_intelligence.TestDoctorsRBAC" name="test_tm_cannot_access_other_tm_doctor" time="0.255" /><testcase classname="tests.test_field_intelligence.TestDoctorsRBAC" name="test_tm_cannot_update_other_tm_doctor" time="0.254" /><testcase classname="tests.test_field_intelligence.TestDoctorsRBAC" name="test_filters" time="0.217" /><testcase classname="tests.test_field_intelligence.TestVisitsAI" name="test_analyze" time="5.962" /><testcase classname="tests.test_field_intelligence.TestVisitsAI" name="test_create_visit_creates_tasks_and_preserves_note" time="0.332" /><testcase classname="tests.test_field_intelligence.TestTasks" name="test_buckets" time="0.533" /><testcase classname="tests.test_field_intelligence.TestTasks" name="test_complete_task" time="0.319" /><testcase classname="tests.test_field_intelligence.TestDashboards" name="test_tm_dashboard" time="0.119" /><testcase classname="tests.test_field_intelligence.TestDashboards" name="test_manager_dashboard" time="0.124" /><testcase classname="tests.test_field_intelligence.TestDashboards" name="test_manager_dashboard_forbidden_for_tm" time="0.105" /><testcase classname="tests.test_field_intelligence.TestSearch" name="test_search" time="0.101" /><testcase classname="tests.test_field_intelligence.TestAdmin" name="test_audit_admin_only" time="0.208" /><testcase classname="tests.test_field_intelligence.TestAdmin" name="test_create_user_admin_only" time="0.447" /></testsuite></testsuites>