<?xml version="1.0" encoding="utf-8"?><testsuites name="pytest tests"><testsuite name="pytest" errors="0" failures="0" skipped="0" tests="10" time="3.411" timestamp="2026-07-13T06:03:24.655732+00:00" hostname="agent-env-318db631-e60b-4d15-92b6-cace647a0e9d"><testcase classname="backend.tests.test_seniortm_access_parity" name="test_itero_pipeline_senior_scope_less_than_admin" time="1.669" /><testcase classname="backend.tests.test_seniortm_access_parity" name="test_itero_board_senior_scope" time="0.197" /><testcase classname="backend.tests.test_seniortm_access_parity" name="test_itero_demos_senior_scope" time="0.214" /><testcase classname="backend.tests.test_seniortm_access_parity" name="test_itero_demo_breakdown_senior_scope" time="0.194" /><testcase classname="backend.tests.test_seniortm_access_parity" name="test_tm_pipeline_only_own" time="0.101" /><testcase classname="backend.tests.test_seniortm_access_parity" name="test_manager_pipeline_team_scope" time="0.096" /><testcase classname="backend.tests.test_seniortm_access_parity" name="test_senior_creates_doctor_gets_team_id_stamp" time="0.405" /><testcase classname="backend.tests.test_seniortm_access_parity" name="test_manager_dashboard_includes_seniortm_in_by_tm" time="0.128" /><testcase classname="backend.tests.test_seniortm_access_parity" name="test_manager_performance_includes_seniortm" time="0.120" /><testcase classname="backend.tests.test_seniortm_access_parity" name="test_senior_can_call_kpis" time="0.204" /></testsuite></testsuites>